[debug] [2023-08-28T14:48:43.596Z] ----------------------------------------------------------------------
[debug] [2023-08-28T14:48:43.599Z] Command:       C:\Program Files\nodejs\node.exe C:\Users\arunb\AppData\Roaming\npm\node_modules\firebase-tools\lib\bin\firebase.js init database
[debug] [2023-08-28T14:48:43.599Z] CLI Version:   12.5.2
[debug] [2023-08-28T14:48:43.600Z] Platform:      win32
[debug] [2023-08-28T14:48:43.600Z] Node Version:  v18.17.1
[debug] [2023-08-28T14:48:43.602Z] Time:          Mon Aug 28 2023 20:18:43 GMT+0530 (India Standard Time)
[debug] [2023-08-28T14:48:43.602Z] ----------------------------------------------------------------------
[debug] 
[debug] [2023-08-28T14:48:43.629Z] > command requires scopes: ["email","openid","https://www.googleapis.com/auth/cloudplatformprojects.readonly","https://www.googleapis.com/auth/firebase","https://www.googleapis.com/auth/cloud-platform"]
[debug] [2023-08-28T14:48:43.629Z] > authorizing via signed-in user (arunbabu.anandakumar@gmail.com)
[info] 
     ######## #### ########  ######## ########     ###     ######  ########
     ##        ##  ##     ## ##       ##     ##  ##   ##  ##       ##
     ######    ##  ########  ######   ########  #########  ######  ######
     ##        ##  ##    ##  ##       ##     ## ##     ##       ## ##
     ##       #### ##     ## ######## ########  ##     ##  ######  ########

You're about to initialize a Firebase project in this directory:

  C:\Users\arunb\Desktop\Personal Profile\Personal\backend

[info] 
=== Project Setup
[info] 
[info] First, let's associate this project directory with a Firebase project.
[info] You can create multiple project aliases by running firebase use --add, 
[info] but for now we'll just set up a default project.
[info] 
